\BOOKMARK [0][-]{chapter.1}{\376\377\000W\000p\000r\000o\000w\000a\000d\000z\000e\000n\000i\000e}{}% 1
\BOOKMARK [0][-]{chapter.2}{\376\377\000S\000p\000e\000c\000y\000f\000i\000k\000a\000c\000j\000a}{}% 2
\BOOKMARK [1][-]{section.2.1}{\376\377\000S\000c\000e\000n\000a\000r\000i\000u\000s\000z\000\040\000i\000n\000t\000e\000r\000a\000k\000c\000j\000i\000\040\000z\000\040\000s\000y\000s\000t\000e\000m\000e\000m}{chapter.2}% 3
\BOOKMARK [1][-]{section.2.2}{\376\377\000U\001\174\000y\000t\000e\000\040\000t\000e\000c\000h\000n\000o\000l\000o\000g\000i\000e}{chapter.2}% 4
\BOOKMARK [0][-]{chapter.3}{\376\377\000O\000p\000i\000s\000\040\000s\000t\000r\000u\000k\000t\000u\000r\000y\000\040\000b\000a\000z\000y\000\040\000d\000a\000n\000y\000c\000h}{}% 5
\BOOKMARK [1][-]{section.3.1}{\376\377\000Z\000d\000e\000f\000i\000n\000i\000o\000w\000a\000n\000e\000\040\000s\000t\000r\000u\000k\000t\000u\000r\000y\000\040\000t\000a\000b\000e\000l}{chapter.3}% 6
\BOOKMARK [1][-]{section.3.2}{\376\377\000P\000o\000w\000i\001\005\000z\000a\000n\000i\000a\000\040\000p\000o\000m\000i\001\031\000d\000z\000y\000\040\000t\000a\000b\000e\000l\000a\000m\000i\000\040\000i\000\040\000i\000c\000h\000\040\000i\000n\000t\000e\000r\000p\000r\000e\000t\000a\000c\000j\000a}{chapter.3}% 7
\BOOKMARK [2][-]{subsection.3.2.1}{\376\377\000O\000p\000c\000j\000o\000n\000a\000l\000n\000o\001\133\001\007\000\040\000r\000e\000l\000a\000c\000j\000i}{section.3.2}% 8
\BOOKMARK [1][-]{section.3.3}{\376\377\000D\000i\000a\000g\000r\000a\000m\000\040\000z\000w\000i\001\005\000z\000k\000\363\000w\000\040\000e\000n\000c\000j\000i\000\040\000\050\000E\000R\000D\000\051}{chapter.3}% 9
\BOOKMARK [1][-]{section.3.4}{\376\377\000K\000o\000d\000\040\000i\000m\000p\000l\000e\000m\000e\000n\000t\000u\000j\001\005\000c\000y\000\040\000s\000t\000r\000u\000k\000t\000u\000r\001\031\000\040\000b\000a\000z\000y\000\040\000d\000a\000n\000y\000c\000h}{chapter.3}% 10
\BOOKMARK [0][-]{chapter.4}{\376\377\000L\000o\000g\000i\000k\000a\000\040\000o\000p\000e\000r\000a\000c\000y\000j\000n\000a\000\040\000i\000\040\000f\000u\000n\000k\000c\000j\000o\000n\000a\000l\000n\000o\001\133\001\007\000\040\000b\000a\000z\000y\000\040\000d\000a\000n\000y\000c\000h}{}% 11
\BOOKMARK [1][-]{section.4.1}{\376\377\000Z\000a\001\102\000o\001\174\000e\000n\000i\000a\000\040\000i\000\040\000w\000y\000m\000a\000g\000a\000n\000i\000a\000\040\000d\000l\000a\000\040\000m\000e\000c\000h\000a\000n\000i\000z\000m\000\363\000w\000\040\000C\000R\000U\000D}{chapter.4}% 12
\BOOKMARK [1][-]{section.4.2}{\376\377\000I\000m\000p\000l\000e\000m\000e\000n\000t\000a\000c\000j\000a\000\040\000m\000e\000c\000h\000a\000n\000i\000z\000m\000\363\000w\000\040\000C\000R\000U\000D\000\040\000n\000a\000\040\000p\000r\000z\000y\000k\001\102\000a\000d\000z\000i\000e\000\040\000k\000o\000m\000p\000o\000n\000e\000n\000t\000u\000\040\000u\001\174\000y\000t\000k\000o\000w\000n\000i\000k\000\363\000w}{chapter.4}% 13
\BOOKMARK [1][-]{section.4.3}{\376\377\000O\000p\000i\000s\000\040\000p\000y\000t\000a\001\104\000\040\000a\000l\000g\000o\000r\000y\000t\000m\000i\000c\000z\000n\000y\000c\000h}{chapter.4}% 14
\BOOKMARK [2][-]{subsection.4.3.1}{\376\377\000M\000o\000d\000u\001\102\000\040\000a\000n\000a\000l\000i\000t\000y\000k\000i\000\040\000t\000r\000e\000n\000i\000n\000g\000o\000w\000e\000j\000\040\000i\000\040\000p\000r\000o\000g\000r\000e\000s\000j\000i\000\040\000s\000i\001\102\000o\000w\000e\000j}{section.4.3}% 15
\BOOKMARK [2][-]{subsection.4.3.2}{\376\377\000M\000o\000d\000u\001\102\000\040\000d\000i\000e\000t\000e\000t\000y\000k\000i\000\040\000i\000\040\000a\000n\000a\000l\000i\000z\000y\000\040\000b\000i\000o\000m\000e\000t\000r\000y\000c\000z\000n\000e\000j}{section.4.3}% 16
\BOOKMARK [2][-]{subsection.4.3.3}{\376\377\000M\000o\000d\000u\001\102\000\040\000I\000n\000t\000e\000l\000i\000g\000e\000n\000c\000j\000i\000\040\000P\000r\000o\000j\000e\000k\000t\000o\000w\000e\000j\000\040\000i\000\040\000S\000t\000r\000u\000k\000t\000u\000r\000y}{section.4.3}% 17
\BOOKMARK [2][-]{subsection.4.3.4}{\376\377\000M\000o\000d\000u\001\102\000\040\000I\000n\000t\000e\000g\000r\000a\000c\000j\000i\000\040\000i\000\040\000O\000p\000e\000r\000a\000c\000j\000i\000\040\000Z\001\102\000o\001\174\000o\000n\000y\000c\000h}{section.4.3}% 18
\BOOKMARK [2][-]{subsection.4.3.5}{\376\377\000P\000o\000d\000s\000u\000m\000o\000w\000a\000n\000i\000e\000\040\000l\000o\000g\000i\000k\000i\000\040\000b\000a\000z\000o\000d\000a\000n\000o\000w\000e\000j}{section.4.3}% 19
\BOOKMARK [0][-]{chapter.5}{\376\377\000P\000r\000e\000z\000e\000n\000t\000a\000c\000j\000a\000\040\000i\000n\000t\000e\000r\000f\000e\000j\000s\000u\000\040\000g\000r\000a\000f\000i\000c\000z\000n\000e\000g\000o\000\040\000\050\000G\000U\000I\000\051}{}% 20
\BOOKMARK [1][-]{section.5.1}{\376\377\000W\000i\000d\000o\000k\000\040\000r\000e\000j\000e\000s\000t\000r\000a\000c\000j\000i\000\040\000u\001\174\000y\000t\000k\000o\000w\000n\000i\000k\000a}{chapter.5}% 21
\BOOKMARK [1][-]{section.5.2}{\376\377\000W\000i\000d\000o\000k\000\040\000l\000o\000g\000o\000w\000a\000n\000i\000a}{chapter.5}% 22
\BOOKMARK [1][-]{section.5.3}{\376\377\000P\000a\000n\000e\000l\000\040\000g\001\102\000\363\000w\000n\000y\000\040\000\050\000D\000a\000s\000h\000b\000o\000a\000r\000d\000\051}{chapter.5}% 23
\BOOKMARK [1][-]{section.5.4}{\376\377\000W\000i\000d\000o\000k\000\040\000a\000k\000t\000y\000w\000n\000e\000j\000\040\000s\000e\000s\000j\000i\000\040\000t\000r\000e\000n\000i\000n\000g\000o\000w\000e\000j\000\040\000\050\000W\000o\000r\000k\000o\000u\000t\000\040\000S\000e\000s\000s\000i\000o\000n\000\051}{chapter.5}% 24
\BOOKMARK [1][-]{section.5.5}{\376\377\000W\000i\000d\000o\000k\000\040\000h\000i\000s\000t\000o\000r\000i\000i\000\040\000t\000r\000e\000n\000i\000n\000g\000\363\000w}{chapter.5}% 25
\BOOKMARK [1][-]{section.5.6}{\376\377\000W\000i\000d\000o\000k\000\040\000a\000n\000a\000l\000i\000t\000y\000c\000z\000n\000y\000\040\000p\000o\000s\000t\001\031\000p\000\363\000w\000\040\000\050\000P\000r\000o\000g\000r\000e\000s\000s\000\051}{chapter.5}% 26
\BOOKMARK [1][-]{section.5.7}{\376\377\000W\000i\000d\000o\000k\000\040\000d\000i\000e\000t\000y\000\040\000i\000\040\000z\000a\000r\000z\001\005\000d\000z\000a\000n\000i\000a\000\040\000p\000o\000m\000i\000a\000r\000a\000m\000i\000\040\000c\000i\000a\001\102\000a}{chapter.5}% 27
\BOOKMARK [1][-]{section.5.8}{\376\377\000W\000i\000d\000o\000k\000\040\000p\000r\000o\000f\000i\000l\000u\000\040\000u\001\174\000y\000t\000k\000o\000w\000n\000i\000k\000a}{chapter.5}% 28
\BOOKMARK [0][-]{chapter.6}{\376\377\000D\000o\000s\000t\001\031\000p\000\040\000z\000d\000a\000l\000n\000y\000\040\000d\000o\000\040\000b\000a\000z\000y\000\040\000d\000a\000n\000y\000c\000h}{}% 29
\BOOKMARK [1][-]{section.6.1}{\376\377\000K\000o\000n\000c\000e\000p\000c\000j\000a\000\040\000d\000o\000s\000t\001\031\000p\000u\000\040\000z\000d\000a\000l\000n\000e\000g\000o}{chapter.6}% 30
\BOOKMARK [1][-]{section.6.2}{\376\377\000O\000p\000i\000s\000\040\000r\000e\000a\000l\000i\000z\000a\000c\000j\000i\000\040\000d\000o\000s\000t\001\031\000p\000u\000\040\000z\000d\000a\000l\000n\000e\000g\000o}{chapter.6}% 31
\BOOKMARK [0][-]{chapter.7}{\376\377\000P\000o\000d\000s\000u\000m\000o\000w\000a\000n\000i\000e\000\040\000t\000e\000c\000h\000n\000i\000c\000z\000n\000e\000\040\000p\000r\000o\000j\000e\000k\000t\000u\000\040\000A\000w\000a\000r\000e\000F\000i\000t}{}% 32
\BOOKMARK [1][-]{section.7.1}{\376\377\000P\000r\000z\000e\000z\000n\000a\000c\000z\000e\000n\000i\000e\000\040\000i\000\040\000c\000e\000l\000e\000\040\000a\000p\000l\000i\000k\000a\000c\000j\000i}{chapter.7}% 33
\BOOKMARK [1][-]{section.7.2}{\376\377\000S\000t\000r\000u\000k\000t\000u\000r\000a\000\040\000b\000a\000z\000y\000\040\000d\000a\000n\000y\000c\000h\000\040\000i\000\040\000l\000o\000g\000i\000k\000i\000\040\000s\000e\000r\000w\000e\000r\000o\000w\000e\000j}{chapter.7}% 34
\BOOKMARK [1][-]{section.7.3}{\376\377\000I\000n\000t\000e\000r\000f\000e\000j\000s\000\040\000u\001\174\000y\000t\000k\000o\000w\000n\000i\000k\000a\000\040\000\050\000G\000U\000I\000\051\000\040\000i\000\040\000w\000a\000r\000s\000t\000w\000a\000\040\000f\000r\000o\000n\000t\000e\000n\000d\000o\000w\000a}{chapter.7}% 35
\BOOKMARK [1][-]{section.7.4}{\376\377\000I\000n\000t\000e\000g\000r\000a\000c\000j\000a\000\040\000t\000e\000c\000h\000n\000o\000l\000o\000g\000i\000i\000\040\000\050\000T\000e\000c\000h\000\040\000S\000t\000a\000c\000k\000\051}{chapter.7}% 36
\BOOKMARK [1][-]{section.7.5}{\376\377\000D\000o\000s\000t\001\031\000p\000n\000o\001\133\001\007\000\040\000p\000r\000o\000j\000e\000k\000t\000u\000\040\000i\000\040\000k\000o\000n\000t\000r\000o\000l\000a\000\040\000w\000e\000r\000s\000j\000i}{chapter.7}% 37
\BOOKMARK [1][-]{section.7.5}{\376\377\000B\000i\000b\000l\000i\000o\000g\000r\000a\000f\000i\000a}{chapter.7}% 38
\BOOKMARK [1][-]{chapter*.21}{\376\377\000S\000p\000i\000s\000\040\000r\000y\000s\000u\000n\000k\000\363\000w}{chapter.7}% 39
\BOOKMARK [1][-]{chapter*.22}{\376\377\000O\001\133\000w\000i\000a\000d\000c\000z\000e\000n\000i\000e\000\040\000s\000t\000u\000d\000e\000n\000t\000a\000\040\000o\000\040\000s\000a\000m\000o\000d\000z\000i\000e\000l\000n\000o\001\133\000c\000i\000\040\000p\000r\000a\000c\000y}{chapter.7}% 40
