This is pdfTeX, Version 3.141592653-2.6-1.40.25 (MiKTeX 24.1) (preloaded format=pdflatex 2025.6.12)  23 JAN 2026 15:41
entering extended mode
 restricted \write18 enabled.
 file:line:error style messages enabled.
 %&-line parsing enabled.
**"c:/Users/oleiy/Documents/GitHub/ProjektBazyDanych/Dokumentacja - AwareFit/AwareFit - Dokumentacja/praca.tex"
(c:/Users/oleiy/Documents/GitHub/ProjektBazyDanych/Dokumentacja - AwareFit/AwareFit - Dokumentacja/praca.tex
LaTeX2e <2023-11-01> patch level 1
L3 programming layer <2024-01-04>
(urdpl.cls *** [urdpl.cls] --- (ZG, EZ) v1.0 <19.09.2024> ***
Document Class: urdpl 
(C:\Users\oleiy\AppData\Local\Programs\MiKTeX\tex/latex/base\report.cls
Document Class: report 2023/05/17 v1.4n Standard LaTeX document class
(C:\Users\oleiy\AppData\Local\Programs\MiKTeX\tex/latex/base\size10.clo
File: size10.clo 2023/05/17 v1.4n Standard LaTeX file (size option)
)
\c@part=\count187
\c@chapter=\count188
\c@section=\count189
\c@subsection=\count190
\c@subsubsection=\count191
\c@paragraph=\count192
\c@subparagraph=\count193
\c@figure=\count194
\c@table=\count195
\abovecaptionskip=\skip48
\belowcaptionskip=\skip49
\bibindent=\dimen140
) (C:\Users\oleiy\AppData\Local\Programs\MiKTeX\tex/latex/psnfss\times.sty
Package: times 2020/03/25 PSNFSS-v9.3 (SPQR) 
) (C:\Users\oleiy\AppData\Local\Programs\MiKTeX\tex/latex/base\fontenc.sty
Package: fontenc 2021/04/29 v2.0v Standard LaTeX package
LaTeX Font Info:    Trying to load font information for T1+ptm on input line 112.
 (C:\Users\oleiy\AppData\Local\Programs\MiKTeX\tex/latex/psnfss\t1ptm.fd
File: t1ptm.fd 2001/06/04 font definitions for T1/ptm.
)) (C:\Users\oleiy\AppData\Local\Programs\MiKTeX\tex/latex/graphics\graphicx.sty
Package: graphicx 2021/09/16 v1.2d Enhanced LaTeX Graphics (DPC,SPQR)
 (C:\Users\oleiy\AppData\Local\Programs\MiKTeX\tex/latex/graphics\keyval.sty
Package: keyval 2022/05/29 v1.15 key=value parser (DPC)
\KV@toks@=\toks17
) (C:\Users\oleiy\AppData\Local\Programs\MiKTeX\tex/latex/graphics\graphics.sty
Package: graphics 2022/03/10 v1.4e Standard LaTeX Graphics (DPC,SPQR)
 (C:\Users\oleiy\AppData\Local\Programs\MiKTeX\tex/latex/graphics\trig.sty
Package: trig 2021/08/11 v1.11 sin cos tan (DPC)
) (C:\Users\oleiy\AppData\Local\Programs\MiKTeX\tex/latex/graphics-cfg\graphics.cfg
File: graphics.cfg 2016/06/04 v1.11 sample graphics configuration
)
Package graphics Info: Driver file: pdftex.def on input line 107.
 (C:\Users\oleiy\AppData\Local\Programs\MiKTeX\tex/latex/graphics-def\pdftex.def
File: pdftex.def 2022/09/22 v1.2b Graphics/color driver for pdftex
))
\Gin@req@height=\dimen141
\Gin@req@width=\dimen142
) (C:\Users\oleiy\AppData\Local\Programs\MiKTeX\tex/latex/geometry\geometry.sty
Package: geometry 2020/01/02 v5.9 Page Geometry
 (C:\Users\oleiy\AppData\Local\Programs\MiKTeX\tex/generic/iftex\ifvtex.sty
Package: ifvtex 2019/10/25 v1.7 ifvtex legacy package. Use iftex instead.
 (C:\Users\oleiy\AppData\Local\Programs\MiKTeX\tex/generic/iftex\iftex.sty
Package: iftex 2022/02/03 v1.0f TeX engine tests
))
\Gm@cnth=\count196
\Gm@cntv=\count197
\c@Gm@tempcnt=\count198
\Gm@bindingoffset=\dimen143
\Gm@wd@mp=\dimen144
\Gm@odd@mp=\dimen145
\Gm@even@mp=\dimen146
\Gm@layoutwidth=\dimen147
\Gm@layoutheight=\dimen148
\Gm@layouthoffset=\dimen149
\Gm@layoutvoffset=\dimen150
\Gm@dimlist=\toks18
 (C:\Users\oleiy\AppData\Local\Programs\MiKTeX\tex/latex/geometry\geometry.cfg)) (C:\Users\oleiy\AppData\Local\Programs\MiKTeX\tex/latex/graphics\color.sty
Package: color 2022/01/06 v1.3d Standard LaTeX Color (DPC)
 (C:\Users\oleiy\AppData\Local\Programs\MiKTeX\tex/latex/graphics-cfg\color.cfg
File: color.cfg 2016/01/02 v1.6 sample color configuration
)
Package color Info: Driver file: pdftex.def on input line 149.
 (C:\Users\oleiy\AppData\Local\Programs\MiKTeX\tex/latex/graphics\mathcolor.ltx)) (C:\Users\oleiy\AppData\Local\Programs\MiKTeX\tex/latex/fancyhdr\fancyhdr.sty
Package: fancyhdr 2025/02/07 v5.2 Extensive control of page headers and footers
\f@nch@headwidth=\skip50
\f@nch@offset@elh=\skip51
\f@nch@offset@erh=\skip52
\f@nch@offset@olh=\skip53
\f@nch@offset@orh=\skip54
\f@nch@offset@elf=\skip55
\f@nch@offset@erf=\skip56
\f@nch@offset@olf=\skip57
\f@nch@offset@orf=\skip58
\f@nch@height=\skip59
\f@nch@footalignment=\skip60
\f@nch@widthL=\skip61
\f@nch@widthC=\skip62
\f@nch@widthR=\skip63
\@temptokenb=\toks19
) (C:\Users\oleiy\AppData\Local\Programs\MiKTeX\tex/latex/url\url.sty
\Urlmuskip=\muskip16
Package: url 2013/09/16  ver 3.4  Verb mode for urls, etc.
) (C:\Users\oleiy\AppData\Local\Programs\MiKTeX\tex/latex/titlesec\titlesec.sty
Package: titlesec 2025/01/04 v2.17 Sectioning titles
\ttl@box=\box51
\beforetitleunit=\skip64
\aftertitleunit=\skip65
\ttl@plus=\dimen151
\ttl@minus=\dimen152
\ttl@toksa=\toks20
\titlewidth=\dimen153
\titlewidthlast=\dimen154
\titlewidthfirst=\dimen155
) (C:\Users\oleiy\AppData\Local\Programs\MiKTeX\tex/latex/tocloft\tocloft.sty
Package: tocloft 2017/08/31 v2.3i parameterised ToC, etc., typesetting
Package tocloft Info: The document has chapter divisions on input line 51.
\cftparskip=\skip66
\cftbeforetoctitleskip=\skip67
\cftaftertoctitleskip=\skip68
\cftbeforepartskip=\skip69
\cftpartnumwidth=\skip70
\cftpartindent=\skip71
\cftbeforechapskip=\skip72
\cftchapindent=\skip73
\cftchapnumwidth=\skip74
\cftbeforesecskip=\skip75
\cftsecindent=\skip76
\cftsecnumwidth=\skip77
\cftbeforesubsecskip=\skip78
\cftsubsecindent=\skip79
\cftsubsecnumwidth=\skip80
\cftbeforesubsubsecskip=\skip81
\cftsubsubsecindent=\skip82
\cftsubsubsecnumwidth=\skip83
\cftbeforeparaskip=\skip84
\cftparaindent=\skip85
\cftparanumwidth=\skip86
\cftbeforesubparaskip=\skip87
\cftsubparaindent=\skip88
\cftsubparanumwidth=\skip89
\cftbeforeloftitleskip=\skip90
\cftafterloftitleskip=\skip91
\cftbeforefigskip=\skip92
\cftfigindent=\skip93
\cftfignumwidth=\skip94
\c@lofdepth=\count199
\c@lotdepth=\count266
\cftbeforelottitleskip=\skip95
\cftafterlottitleskip=\skip96
\cftbeforetabskip=\skip97
\cfttabindent=\skip98
\cfttabnumwidth=\skip99
) (C:\Users\oleiy\AppData\Local\Programs\MiKTeX\tex/latex/caption\caption.sty
Package: caption 2023/08/05 v3.6o Customizing captions (AR)
 (C:\Users\oleiy\AppData\Local\Programs\MiKTeX\tex/latex/caption\caption3.sty
Package: caption3 2023/07/31 v2.4d caption3 kernel (AR)
\caption@tempdima=\dimen156
\captionmargin=\dimen157
\caption@leftmargin=\dimen158
\caption@rightmargin=\dimen159
\caption@width=\dimen160
\caption@indent=\dimen161
\caption@parindent=\dimen162
\caption@hangindent=\dimen163
Package caption Info: Standard document class detected.
)
\c@caption@flags=\count267
\c@continuedfloat=\count268
) (C:\Users\oleiy\AppData\Local\Programs\MiKTeX\tex/latex/caption\subcaption.sty
Package: subcaption 2023/07/28 v1.6b Sub-captions (AR)
Package caption Info: New subtype `subfigure' on input line 238.
\c@subfigure=\count269
Package caption Info: New subtype `subtable' on input line 238.
\c@subtable=\count270
) (C:\Users\oleiy\AppData\Local\Programs\MiKTeX\tex/latex/siunitx\siunitx.sty
Package: siunitx 2025-05-22 v3.4.12 A comprehensive (SI) units package
\l__siunitx_number_uncert_offset_int=\count271
\l__siunitx_number_exponent_fixed_int=\count272
\l__siunitx_number_min_decimal_int=\count273
\l__siunitx_number_min_integer_int=\count274
\l__siunitx_number_round_precision_int=\count275
\l__siunitx_number_lower_threshold_int=\count276
\l__siunitx_number_upper_threshold_int=\count277
\l__siunitx_number_group_first_int=\count278
\l__siunitx_number_group_size_int=\count279
\l__siunitx_number_group_minimum_int=\count280
\l__siunitx_angle_tmp_dim=\dimen164
\l__siunitx_angle_marker_box=\box52
\l__siunitx_angle_unit_box=\box53
\l__siunitx_compound_count_int=\count281
 (C:\Users\oleiy\AppData\Local\Programs\MiKTeX\tex/latex/translations\translations.sty
Package: translations 2022/02/05 v1.12 internationalization of LaTeX2e packages (CN)
 (C:\Users\oleiy\AppData\Local\Programs\MiKTeX\tex/latex/etoolbox\etoolbox.sty
Package: etoolbox 2020/10/05 v2.5k e-TeX tools for LaTeX (JAW)
\etb@tempcnta=\count282
) (C:\Users\oleiy\AppData\Local\Programs\MiKTeX\tex/generic/pdftexcmds\pdftexcmds.sty
Package: pdftexcmds 2020-06-27 v0.33 Utility functions of pdfTeX for LuaTeX (HO)
 (C:\Users\oleiy\AppData\Local\Programs\MiKTeX\tex/generic/infwarerr\infwarerr.sty
Package: infwarerr 2019/12/03 v1.5 Providing info/warning/error messages (HO)
) (C:\Users\oleiy\AppData\Local\Programs\MiKTeX\tex/generic/ltxcmds\ltxcmds.sty
Package: ltxcmds 2023-12-04 v1.26 LaTeX kernel commands for general use (HO)
)
Package pdftexcmds Info: \pdf@primitive is available.
Package pdftexcmds Info: \pdf@ifprimitive is available.
Package pdftexcmds Info: \pdfdraftmode found.
)) (C:\Users\oleiy\AppData\Local\Programs\MiKTeX\tex/latex/amsmath\amstext.sty
Package: amstext 2021/08/26 v2.01 AMS text
 (C:\Users\oleiy\AppData\Local\Programs\MiKTeX\tex/latex/amsmath\amsgen.sty
File: amsgen.sty 1999/11/30 v2.0 generic functions
\@emptytoks=\toks21
\ex@=\dimen165
))
\l__siunitx_table_tmp_box=\box54
\l__siunitx_table_tmp_dim=\dimen166
\l__siunitx_table_column_width_dim=\dimen167
\l__siunitx_table_integer_box=\box55
\l__siunitx_table_decimal_box=\box56
\l__siunitx_table_uncert_box=\box57
\l__siunitx_table_before_box=\box58
\l__siunitx_table_after_box=\box59
\l__siunitx_table_before_dim=\dimen168
\l__siunitx_table_carry_dim=\dimen169
\l__siunitx_unit_tmp_int=\count283
\l__siunitx_unit_position_int=\count284
\l__siunitx_unit_total_int=\count285
 (C:\Users\oleiy\AppData\Local\Programs\MiKTeX\tex/latex/tools\array.sty
Package: array 2023/10/16 v2.5g Tabular extension package (FMi)
\col@sep=\dimen170
\ar@mcellbox=\box60
\extrarowheight=\dimen171
\NC@list=\toks22
\extratabsurround=\skip100
\backup@length=\skip101
\ar@cellbox=\box61
)) (C:\Users\oleiy\AppData\Local\Programs\MiKTeX\tex/latex/tools\enumerate.sty
Package: enumerate 2023/07/04 v3.00 enumerate extensions (DPC)
\@enLab=\toks23
) (C:\Users\oleiy\AppData\Local\Programs\MiKTeX\tex/latex/enumitem\enumitem.sty
Package: enumitem 2025/02/06 v3.11 Customized lists
\labelindent=\skip102
\enit@outerparindent=\dimen172
\enit@toks=\toks24
\enit@inbox=\box62
\enit@count@id=\count286
\enitdp@description=\count287
) (C:\Users\oleiy\AppData\Local\Programs\MiKTeX\tex/latex/nowidow\nowidow.sty
Package: nowidow 2011/09/20 1.0 Easily prevent widows and orphans
Package: nowidow 
 (C:\Users\oleiy\AppData\Local\Programs\MiKTeX\tex/latex/kvoptions\kvoptions.sty
Package: kvoptions 2022-06-15 v3.15 Key value format for package options (HO)
 (C:\Users\oleiy\AppData\Local\Programs\MiKTeX\tex/latex/kvsetkeys\kvsetkeys.sty
Package: kvsetkeys 2022-10-05 v1.19 Key value parser (HO)
)))
\descriptiondashgap=\skip103
\eqwheremargin=\skip104
) (C:\Users\oleiy\AppData\Local\Programs\MiKTeX\tex/generic/babel\babel.sty
Package: babel 2024/01/07 v24.1 The Babel package
\babel@savecnt=\count288
\U@D=\dimen173
\l@unhyphenated=\language79
 (C:\Users\oleiy\AppData\Local\Programs\MiKTeX\tex/generic/babel\txtbabel.def)
\bbl@readstream=\read2
\bbl@dirlevel=\count289

*************************************
* Local config file bblopts.cfg used
*
(C:\Users\oleiy\AppData\Local\Programs\MiKTeX\tex/latex/arabi\bblopts.cfg
File: bblopts.cfg 2005/09/08 v0.1 add Arabic and Farsi to "declared" options of babel
) (C:\Users\oleiy\AppData\Local\Programs\MiKTeX\tex/latex/babel-english\english.ldf
Language: english 2017/06/06 v3.3r English support from the babel system
Package babel Info: Hyphen rules for 'canadian' set to \l@english
(babel)             (\language0). Reported on input line 102.
Package babel Info: Hyphen rules for 'australian' set to \l@ukenglish
(babel)             (\language73). Reported on input line 105.
Package babel Info: Hyphen rules for 'newzealand' set to \l@ukenglish
(babel)             (\language73). Reported on input line 108.
) (C:\Users\oleiy\AppData\Local\Programs\MiKTeX\tex/latex/babel-polish\polish.ldf
Language: polish 2022/03/12 1.3 Babel support for Polish
Package babel Info: Making " an active character on input line 101.
)) (C:\Users\oleiy\AppData\Local\Programs\MiKTeX\tex/generic/babel/locale/pl\babel-polish.tex
Package babel Info: Importing font and identification data for polish
(babel)             from babel-pl.ini. Reported on input line 11.
) (C:\Users\oleiy\AppData\Local\Programs\MiKTeX\tex/generic/babel/locale/en\babel-english.tex
Package babel Info: Importing font and identification data for english
(babel)             from babel-en.ini. Reported on input line 11.
) (C:\Users\oleiy\AppData\Local\Programs\MiKTeX\tex/latex/polski\polski.sty
Package: polski 2021/08/25 v1.3.6 Polish language package
) (C:\Users\oleiy\AppData\Local\Programs\MiKTeX\tex/latex/base\inputenc.sty
Package: inputenc 2021/02/14 v1.3d Input encoding file
\inpenc@prehook=\toks25
\inpenc@posthook=\toks26
) (C:\Users\oleiy\AppData\Local\Programs\MiKTeX\tex/latex/mathtools\mathtools.sty
Package: mathtools 2024/10/04 v1.31 mathematical typesetting tools
 (C:\Users\oleiy\AppData\Local\Programs\MiKTeX\tex/latex/tools\calc.sty
Package: calc 2023/07/08 v4.3 Infix arithmetic (KKT,FJ)
\calc@Acount=\count290
\calc@Bcount=\count291
\calc@Adimen=\dimen174
\calc@Bdimen=\dimen175
\calc@Askip=\skip105
\calc@Bskip=\skip106
LaTeX Info: Redefining \setlength on input line 80.
LaTeX Info: Redefining \addtolength on input line 81.
\calc@Ccount=\count292
\calc@Cskip=\skip107
) (C:\Users\oleiy\AppData\Local\Programs\MiKTeX\tex/latex/mathtools\mhsetup.sty
Package: mhsetup 2021/03/18 v1.4 programming setup (MH)
) (C:\Users\oleiy\AppData\Local\Programs\MiKTeX\tex/latex/amsmath\amsmath.sty
Package: amsmath 2023/05/13 v2.17o AMS math features
\@mathmargin=\skip108

For additional information on amsmath, use the `?' option.
(C:\Users\oleiy\AppData\Local\Programs\MiKTeX\tex/latex/amsmath\amsbsy.sty
Package: amsbsy 1999/11/29 v1.2d Bold Symbols
\pmbraise@=\dimen176
) (C:\Users\oleiy\AppData\Local\Programs\MiKTeX\tex/latex/amsmath\amsopn.sty
Package: amsopn 2022/04/08 v2.04 operator names
)
\inf@bad=\count293
LaTeX Info: Redefining \frac on input line 234.
\uproot@=\count294
\leftroot@=\count295
LaTeX Info: Redefining \overline on input line 399.
LaTeX Info: Redefining \colon on input line 410.
\classnum@=\count296
\DOTSCASE@=\count297
LaTeX Info: Redefining \ldots on input line 496.
LaTeX Info: Redefining \dots on input line 499.
LaTeX Info: Redefining \cdots on input line 620.
\Mathstrutbox@=\box63
\strutbox@=\box64
LaTeX Info: Redefining \big on input line 722.
LaTeX Info: Redefining \Big on input line 723.
LaTeX Info: Redefining \bigg on input line 724.
LaTeX Info: Redefining \Bigg on input line 725.
\big@size=\dimen177
LaTeX Font Info:    Redeclaring font encoding OML on input line 743.
LaTeX Font Info:    Redeclaring font encoding OMS on input line 744.
\macc@depth=\count298
LaTeX Info: Redefining \bmod on input line 905.
LaTeX Info: Redefining \pmod on input line 910.
LaTeX Info: Redefining \smash on input line 940.
LaTeX Info: Redefining \relbar on input line 970.
LaTeX Info: Redefining \Relbar on input line 971.
\c@MaxMatrixCols=\count299
\dotsspace@=\muskip17
\c@parentequation=\count300
\dspbrk@lvl=\count301
\tag@help=\toks27
\row@=\count302
\column@=\count303
\maxfields@=\count304
\andhelp@=\toks28
\eqnshift@=\dimen178
\alignsep@=\dimen179
\tagshift@=\dimen180
\tagwidth@=\dimen181
\totwidth@=\dimen182
\lineht@=\dimen183
\@envbody=\toks29
\multlinegap=\skip109
\multlinetaggap=\skip110
\mathdisplay@stack=\toks30
LaTeX Info: Redefining \[ on input line 2953.
LaTeX Info: Redefining \] on input line 2954.
)
\g_MT_multlinerow_int=\count305
\l_MT_multwidth_dim=\dimen184
\origjot=\skip111
\l_MT_shortvdotswithinadjustabove_dim=\dimen185
\l_MT_shortvdotswithinadjustbelow_dim=\dimen186
\l_MT_above_intertext_sep=\dimen187
\l_MT_below_intertext_sep=\dimen188
\l_MT_above_shortintertext_sep=\dimen189
\l_MT_below_shortintertext_sep=\dimen190
\xmathstrut@box=\box65
\xmathstrut@dim=\dimen191
) (C:\Users\oleiy\AppData\Local\Programs\MiKTeX\tex/latex/amsfonts\amsfonts.sty
Package: amsfonts 2013/01/14 v3.01 Basic AMSFonts support
\symAMSa=\mathgroup4
\symAMSb=\mathgroup5
LaTeX Font Info:    Redeclaring math symbol \hbar on input line 98.
LaTeX Font Info:    Overwriting math alphabet `\mathfrak' in version `bold'
(Font)                  U/euf/m/n --> U/euf/b/n on input line 106.
) (C:\Users\oleiy\AppData\Local\Programs\MiKTeX\tex/latex/amscls\amsthm.sty
Package: amsthm 2020/05/29 v2.20.6
\thm@style=\toks31
\thm@bodyfont=\toks32
\thm@headfont=\toks33
\thm@notefont=\toks34
\thm@headpunct=\toks35
\thm@preskip=\skip112
\thm@postskip=\skip113
\thm@headsep=\skip114
\dth@everypar=\toks36
) (C:\Users\oleiy\AppData\Local\Programs\MiKTeX\tex/latex/hyperref\hyperref.sty
Package: hyperref 2023-11-26 v7.01g Hypertext links for LaTeX
 (C:\Users\oleiy\AppData\Local\Programs\MiKTeX\tex/generic/kvdefinekeys\kvdefinekeys.sty
Package: kvdefinekeys 2019-12-19 v1.6 Define keys (HO)
) (C:\Users\oleiy\AppData\Local\Programs\MiKTeX\tex/generic/pdfescape\pdfescape.sty
Package: pdfescape 2019/12/09 v1.15 Implements pdfTeX's escape features (HO)
) (C:\Users\oleiy\AppData\Local\Programs\MiKTeX\tex/latex/hycolor\hycolor.sty
Package: hycolor 2020-01-27 v1.10 Color options for hyperref/bookmark (HO)
) (C:\Users\oleiy\AppData\Local\Programs\MiKTeX\tex/latex/letltxmacro\letltxmacro.sty
Package: letltxmacro 2019/12/03 v1.6 Let assignment for LaTeX macros (HO)
) (C:\Users\oleiy\AppData\Local\Programs\MiKTeX\tex/latex/auxhook\auxhook.sty
Package: auxhook 2019-12-17 v1.6 Hooks for auxiliary files (HO)
) (C:\Users\oleiy\AppData\Local\Programs\MiKTeX\tex/latex/hyperref\nameref.sty
Package: nameref 2023-11-26 v2.56 Cross-referencing by name of section
 (C:\Users\oleiy\AppData\Local\Programs\MiKTeX\tex/latex/refcount\refcount.sty
Package: refcount 2019/12/15 v3.6 Data extraction from label references (HO)
) (C:\Users\oleiy\AppData\Local\Programs\MiKTeX\tex/generic/gettitlestring\gettitlestring.sty
Package: gettitlestring 2019/12/15 v1.6 Cleanup title references (HO)
)
\c@section@level=\count306
)
\@linkdim=\dimen192
\Hy@linkcounter=\count307
\Hy@pagecounter=\count308
 (C:\Users\oleiy\AppData\Local\Programs\MiKTeX\tex/latex/hyperref\pd1enc.def
File: pd1enc.def 2023-11-26 v7.01g Hyperref: PDFDocEncoding definition (HO)
Now handling font encoding PD1 ...
... no UTF-8 mapping file for font encoding PD1
) (C:\Users\oleiy\AppData\Local\Programs\MiKTeX\tex/generic/intcalc\intcalc.sty
Package: intcalc 2019/12/15 v1.3 Expandable calculations with integers (HO)
)
\Hy@SavedSpaceFactor=\count309
 (C:\Users\oleiy\AppData\Local\Programs\MiKTeX\tex/latex/hyperref\puenc.def
File: puenc.def 2023-11-26 v7.01g Hyperref: PDF Unicode definition (HO)
Now handling font encoding PU ...
... no UTF-8 mapping file for font encoding PU
)
Package hyperref Info: Hyper figures OFF on input line 4181.
Package hyperref Info: Link nesting OFF on input line 4186.
Package hyperref Info: Hyper index ON on input line 4189.
Package hyperref Info: Plain pages OFF on input line 4196.
Package hyperref Info: Backreferencing OFF on input line 4201.
Package hyperref Info: Implicit mode ON; LaTeX internals redefined.
Package hyperref Info: Bookmarks ON on input line 4448.
\c@Hy@tempcnt=\count310
LaTeX Info: Redefining \url on input line 4786.
\XeTeXLinkMargin=\dimen193
 (C:\Users\oleiy\AppData\Local\Programs\MiKTeX\tex/generic/bitset\bitset.sty
Package: bitset 2019/12/09 v1.3 Handle bit-vector datatype (HO)
 (C:\Users\oleiy\AppData\Local\Programs\MiKTeX\tex/generic/bigintcalc\bigintcalc.sty
Package: bigintcalc 2019/12/15 v1.5 Expandable calculations on big integers (HO)
))
\Fld@menulength=\count311
\Field@Width=\dimen194
\Fld@charsize=\dimen195
Package hyperref Info: Hyper figures OFF on input line 6065.
Package hyperref Info: Link nesting OFF on input line 6070.
Package hyperref Info: Hyper index ON on input line 6073.
Package hyperref Info: backreferencing OFF on input line 6080.
Package hyperref Info: Link coloring OFF on input line 6085.
Package hyperref Info: Link coloring with OCG OFF on input line 6090.
Package hyperref Info: PDF/A mode OFF on input line 6095.
 (C:\Users\oleiy\AppData\Local\Programs\MiKTeX\tex/latex/base\atbegshi-ltx.sty
Package: atbegshi-ltx 2021/01/10 v1.0c Emulation of the original atbegshi
package with kernel methods
)
\Hy@abspage=\count312
\c@Item=\count313
\c@Hfootnote=\count314
)
Package hyperref Info: Driver (autodetected): hpdftex.
 (C:\Users\oleiy\AppData\Local\Programs\MiKTeX\tex/latex/hyperref\hpdftex.def
File: hpdftex.def 2023-11-26 v7.01g Hyperref driver for pdfTeX
 (C:\Users\oleiy\AppData\Local\Programs\MiKTeX\tex/latex/base\atveryend-ltx.sty
Package: atveryend-ltx 2020/08/19 v1.0a Emulation of the original atveryend package
with kernel methods
)
\Fld@listcount=\count315
\c@bookmark@seq@number=\count316
 (C:\Users\oleiy\AppData\Local\Programs\MiKTeX\tex/latex/rerunfilecheck\rerunfilecheck.sty
Package: rerunfilecheck 2022-07-10 v1.10 Rerun checks for auxiliary files (HO)
 (C:\Users\oleiy\AppData\Local\Programs\MiKTeX\tex/generic/uniquecounter\uniquecounter.sty
Package: uniquecounter 2019/12/15 v1.4 Provide unlimited unique counter (HO)
)
Package uniquecounter Info: New unique counter `rerunfilecheck' on input line 285.
)
\Hy@SectionHShift=\skip115
) (C:\Users\oleiy\AppData\Local\Programs\MiKTeX\tex/latex/float\float.sty
Package: float 2001/11/08 v1.3d Float enhancements (AL)
\c@float@type=\count317
\float@exts=\toks37
\float@box=\box66
\@float@everytoks=\toks38
\@floatcapt=\box67
) (C:\Users\oleiy\AppData\Local\Programs\MiKTeX\tex/latex/listings\listings.sty
\lst@mode=\count318
\lst@gtempboxa=\box68
\lst@token=\toks39
\lst@length=\count319
\lst@currlwidth=\dimen196
\lst@column=\count320
\lst@pos=\count321
\lst@lostspace=\dimen197
\lst@width=\dimen198
\lst@newlines=\count322
\lst@lineno=\count323
\lst@maxwidth=\dimen199
 (C:\Users\oleiy\AppData\Local\Programs\MiKTeX\tex/latex/listings\lstmisc.sty
File: lstmisc.sty 2023/02/27 1.9 (Carsten Heinz)
\c@lstnumber=\count324
\lst@skipnumbers=\count325
\lst@framebox=\box69
) (C:\Users\oleiy\AppData\Local\Programs\MiKTeX\tex/latex/listings\listings.cfg
File: listings.cfg 2023/02/27 1.9 listings configuration
))
Package: listings 2023/02/27 1.9 (Carsten Heinz)
 (C:\Users\oleiy\AppData\Local\Programs\MiKTeX\tex/latex/booktabs\booktabs.sty
Package: booktabs 2020/01/12 v1.61803398 Publication quality tables
\heavyrulewidth=\dimen256
\lightrulewidth=\dimen257
\cmidrulewidth=\dimen258
\belowrulesep=\dimen259
\belowbottomsep=\dimen260
\aboverulesep=\dimen261
\abovetopsep=\dimen262
\cmidrulesep=\dimen263
\cmidrulekern=\dimen264
\defaultaddspace=\dimen265
\@cmidla=\count326
\@cmidlb=\count327
\@aboverulesep=\dimen266
\@belowrulesep=\dimen267
\@thisruleclass=\count328
\@lastruleclass=\count329
\@thisrulewidth=\dimen268
) (C:\Users\oleiy\AppData\Local\Programs\MiKTeX\tex/latex/multirow\multirow.sty
Package: multirow 2024/11/12 v2.9 Span multiple rows of a table
\multirow@colwidth=\skip116
\multirow@cntb=\count330
\multirow@dima=\skip117
\bigstrutjot=\dimen269
) (C:\Users\oleiy\AppData\Local\Programs\MiKTeX\tex/latex/tools\tabularx.sty
Package: tabularx 2023/07/08 v2.11c `tabularx' package (DPC)
\TX@col@width=\dimen270
\TX@old@table=\dimen271
\TX@old@col=\dimen272
\TX@target=\dimen273
\TX@delta=\dimen274
\TX@cols=\count331
\TX@ftn=\toks40
) (C:\Users\oleiy\AppData\Local\Programs\MiKTeX\tex/latex/amsfonts\amssymb.sty
Package: amssymb 2013/01/14 v3.01 AMS font symbols
) (C:\Users\oleiy\AppData\Local\Programs\MiKTeX\tex/latex/xcolor\xcolor.sty
Package: xcolor 2023/11/15 v3.01 LaTeX color extensions (UK)
 (C:\Users\oleiy\AppData\Local\Programs\MiKTeX\tex/latex/graphics-cfg\color.cfg
File: color.cfg 2016/01/02 v1.6 sample color configuration
)
Package xcolor Info: Driver file: pdftex.def on input line 274.
LaTeX Info: Redefining \color on input line 758.
 (C:\Users\oleiy\AppData\Local\Programs\MiKTeX\tex/latex/graphics\mathcolor.ltx)
Package xcolor Info: Model `cmy' substituted by `cmy0' on input line 1350.
Package xcolor Info: Model `hsb' substituted by `rgb' on input line 1354.
Package xcolor Info: Model `RGB' extended on input line 1366.
Package xcolor Info: Model `HTML' substituted by `rgb' on input line 1368.
Package xcolor Info: Model `Hsb' substituted by `hsb' on input line 1369.
Package xcolor Info: Model `tHsb' substituted by `hsb' on input line 1370.
Package xcolor Info: Model `HSB' substituted by `hsb' on input line 1371.
Package xcolor Info: Model `Gray' substituted by `gray' on input line 1372.
Package xcolor Info: Model `wave' substituted by `hsb' on input line 1373.
) (C:\Users\oleiy\AppData\Local\Programs\MiKTeX\tex/latex/makecell\makecell.sty
Package: makecell 2009/08/03 V0.1e Managing of Tab Column Heads and Cells
\rotheadsize=\dimen275
\c@nlinenum=\count332
\TeXr@lab=\toks41
) (C:\Users\oleiy\AppData\Local\Programs\MiKTeX\tex/latex/threeparttable\threeparttable.sty
Package: threeparttable 2003/06/13  v 3.0
\@tempboxb=\box70
) (C:\Users\oleiy\AppData\Local\Programs\MiKTeX\tex/latex/ulem\ulem.sty
\UL@box=\box71
\UL@hyphenbox=\box72
\UL@skip=\skip118
\UL@hook=\toks42
\UL@height=\dimen276
\UL@pe=\count333
\UL@pixel=\dimen277
\ULC@box=\box73
Package: ulem 2019/11/18
\ULdepth=\dimen278
) (C:\Users\oleiy\AppData\Local\Programs\MiKTeX\tex/latex/lineno\lineno.sty
Package: lineno 2025/05/13 line numbers on paragraphs v5.5
\linenopenalty=\count334
\output=\toks43
\linenoprevgraf=\count335
\linenumbersep=\dimen279
\linenumberwidth=\dimen280
\c@linenumber=\count336
\c@pagewiselinenumber=\count337
\c@LN@truepage=\count338
\c@internallinenumber=\count339
\c@internallinenumbers=\count340
\quotelinenumbersep=\dimen281
\bframerule=\dimen282
\bframesep=\dimen283
\bframebox=\box74
\@LN@amsmath@ams@eqpen=\count341
) (C:\Users\oleiy\AppData\Local\Programs\MiKTeX\tex/latex/placeins\placeins.sty
Package: placeins 2005/04/18  v 2.2
) (C:\Users\oleiy\AppData\Local\Programs\MiKTeX\tex/latex/csquotes\csquotes.sty
Package: csquotes 2024-04-04 v5.2o context-sensitive quotations (JAW)
\csq@reset=\count342
\csq@gtype=\count343
\csq@glevel=\count344
\csq@qlevel=\count345
\csq@maxlvl=\count346
\csq@tshold=\count347
\csq@ltx@everypar=\toks44
 (C:\Users\oleiy\AppData\Local\Programs\MiKTeX\tex/latex/csquotes\csquotes.def
File: csquotes.def 2024-04-04 v5.2o csquotes generic definitions (JAW)
)
Package csquotes Info: Trying to load configuration file 'csquotes.cfg'...
Package csquotes Info: ... configuration file loaded successfully.
 (C:\Users\oleiy\AppData\Local\Programs\MiKTeX\tex/latex/csquotes\csquotes.cfg
File: csquotes.cfg 
)) (C:\Users\oleiy\AppData\Local\Programs\MiKTeX\tex/latex/psnfss\courier.sty
Package: courier 2020/03/25 PSNFSS-v9.3 (WaS) 
) (C:\Users\oleiy\AppData\Local\Programs\MiKTeX\tex/latex/listings\lstlang1.sty
File: lstlang1.sty 2023/02/27 1.9 listings language file
) (C:\Users\oleiy\AppData\Local\Programs\MiKTeX\tex/latex/listings\lstlang2.sty
File: lstlang2.sty 2023/02/27 1.9 listings language file
) (C:\Users\oleiy\AppData\Local\Programs\MiKTeX\tex/latex/listings\lstlang3.sty
File: lstlang3.sty 2023/02/27 1.9 listings language file
)
Package csquotes Info: Checking for multilingual support...
Package csquotes Info: ... found 'babel' package.
Package csquotes Info: Adjusting default style.
Package csquotes Info: Redefining alias 'default' -> 'polish'.
 (C:\Users\oleiy\AppData\Local\Programs\MiKTeX\tex/latex/l3backend\l3backend-pdftex.def
File: l3backend-pdftex.def 2024-01-04 L3 backend support: PDF output (pdfTeX)
\l__color_backend_stack_int=\count348
\l__pdf_internal_box=\box75
) (praca.aux (chapters/chapter001.aux) (chapters/chapter002.aux) (chapters/chapter003.aux) (chapters/chapter004.aux) (chapters/chapter005.aux) (chapters/chapter006.aux) (chapters/chapter009.aux) (chapters/chapter008.aux) (chapters/chapter007.aux) (appendix/statement-A.aux))
\openout1 = `praca.aux'.

LaTeX Font Info:    Checking defaults for OML/cmm/m/it on input line 200.
LaTeX Font Info:    ... okay on input line 200.
LaTeX Font Info:    Checking defaults for OMS/cmsy/m/n on input line 200.
LaTeX Font Info:    ... okay on input line 200.
LaTeX Font Info:    Checking defaults for OT1/cmr/m/n on input line 200.
LaTeX Font Info:    ... okay on input line 200.
LaTeX Font Info:    Checking defaults for T1/cmr/m/n on input line 200.
LaTeX Font Info:    ... okay on input line 200.
LaTeX Font Info:    Checking defaults for TS1/cmr/m/n on input line 200.
LaTeX Font Info:    ... okay on input line 200.
LaTeX Font Info:    Checking defaults for OMX/cmex/m/n on input line 200.
LaTeX Font Info:    ... okay on input line 200.
LaTeX Font Info:    Checking defaults for U/cmr/m/n on input line 200.
LaTeX Font Info:    ... okay on input line 200.
LaTeX Font Info:    Checking defaults for PD1/pdf/m/n on input line 200.
LaTeX Font Info:    ... okay on input line 200.
LaTeX Font Info:    Checking defaults for PU/pdf/m/n on input line 200.
LaTeX Font Info:    ... okay on input line 200.
 (C:\Users\oleiy\AppData\Local\Programs\MiKTeX\tex/context/base/mkii\supp-pdf.mkii
[Loading MPS to PDF converter (version 2006.09.02).]
\scratchcounter=\count349
\scratchdimen=\dimen284
\scratchbox=\box76
\nofMPsegments=\count350
\nofMParguments=\count351
\everyMPshowfont=\toks45
\MPscratchCnt=\count352
\MPscratchDim=\dimen285
\MPnumerator=\count353
\makeMPintoPDFobject=\count354
\everyMPtoPDFconversion=\toks46
) (C:\Users\oleiy\AppData\Local\Programs\MiKTeX\tex/latex/epstopdf-pkg\epstopdf-base.sty
Package: epstopdf-base 2020-01-24 v2.11 Base part for package epstopdf
Package epstopdf-base Info: Redefining graphics rule for `.eps' on input line 485.
 (C:\Users\oleiy\AppData\Local\Programs\MiKTeX\tex/latex/00miktex\epstopdf-sys.cfg
File: epstopdf-sys.cfg 2021/03/18 v2.0 Configuration of epstopdf for MiKTeX
))
*geometry* driver: auto-detecting
*geometry* detected driver: pdftex
*geometry* verbose mode - [ preamble ] result:
* driver: pdftex
* paper: <default>
* layout: <same size as paper>
* layoutoffset:(h,v)=(0.0pt,0.0pt)
* modes: twoside 
* h-part:(L,W,R)=(99.58464pt, 426.79135pt, 71.13188pt)
* v-part:(T,H,B)=(71.13188pt, 702.78308pt, 71.13188pt)
* \paperwidth=597.50787pt
* \paperheight=845.04684pt
* \textwidth=426.79135pt
* \textheight=702.78308pt
* \oddsidemargin=27.31465pt
* \evensidemargin=-1.1381pt
* \topmargin=-54.59085pt
* \headheight=28.45274pt
* \headsep=25.0pt
* \topskip=10.0pt
* \footskip=28.45274pt
* \marginparwidth=111.0pt
* \marginparsep=11.0pt
* \columnsep=10.0pt
* \skip\footins=9.0pt plus 4.0pt minus 2.0pt
* \hoffset=0.0pt
* \voffset=0.0pt
* \mag=1000
* \@twocolumnfalse
* \@twosidetrue
* \@mparswitchtrue
* \@reversemarginfalse
* (1in=72.27pt=25.4mm, 1cm=28.453pt)

Package caption Info: Begin \AtBeginDocument code.
Package caption Info: float package is loaded.
Package caption Info: hyperref package is loaded.
Package caption Info: listings package is loaded.
Package caption Info: threeparttable package is loaded.
Package caption Info: End \AtBeginDocument code.
(C:\Users\oleiy\AppData\Local\Programs\MiKTeX\tex/latex/translations/dicts\translations-basic-dictionary-polish.trsl
File: translations-basic-dictionary-polish.trsl (polish translation file `translations-basic-dictionary')
)
Package translations Info: loading dictionary `translations-basic-dictionary' for `polish'. on input line 200.
 (C:\Users\oleiy\AppData\Local\Programs\MiKTeX\tex/latex/translations/dicts\translations-basic-dictionary-english.trsl
File: translations-basic-dictionary-english.trsl (english translation file `translations-basic-dictionary')
)
Package translations Info: loading dictionary `translations-basic-dictionary' for `english'. on input line 200.
Package hyperref Info: Link coloring OFF on input line 200.
 (praca.out) (praca.out)
\@outlinefile=\write3
\openout3 = `praca.out'.

\c@lstlisting=\count355
LaTeX Font Info:    Trying to load font information for T1+phv on input line 202.
 (C:\Users\oleiy\AppData\Local\Programs\MiKTeX\tex/latex/psnfss\t1phv.fd
File: t1phv.fd 2020/03/25 scalable font definitions for T1/phv.
)
LaTeX Font Info:    Trying to load font information for U+msa on input line 202.
 (C:\Users\oleiy\AppData\Local\Programs\MiKTeX\tex/latex/amsfonts\umsa.fd
File: umsa.fd 2013/01/14 v3.01 AMS symbols A
)
LaTeX Font Info:    Trying to load font information for U+msb on input line 202.
 (C:\Users\oleiy\AppData\Local\Programs\MiKTeX\tex/latex/amsfonts\umsb.fd
File: umsb.fd 2013/01/14 v3.01 AMS symbols B
)
<figures/ur.jpg, id=222, 134.00063pt x 134.00063pt>
File: figures/ur.jpg Graphic file (type jpg)
<use figures/ur.jpg>
Package pdftex.def Info: figures/ur.jpg  used on input line 202.
(pdftex.def)             Requested size: 93.79977pt x 93.79977pt.

Overfull \hbox (1.90001pt too wide) in paragraph at lines 202--202
$[]$  $[]$ 
 []

LaTeX Font Info:    Font shape `T1/phv/m/it' in size <14.4> not available
(Font)              Font shape `T1/phv/m/sl' tried instead on input line 202.
[1

{C:/Users/oleiy/AppData/Local/MiKTeX/fonts/map/pdftex/pdftex.map}{C:/Users/oleiy/AppData/Local/Programs/MiKTeX/fonts/enc/dvips/base/8r.enc} <./figures/ur.jpg>]
pdfTeX warning (ext4): destination with the same identifier (name{page.1}) has been already used, duplicate ignored
<to be read again> 
                   \relax 
l.202 \titlepages
                  [1


] (praca.toc
Underfull \vbox (badness 1286) has occurred while \output is active []

 [5

])
\tf@toc=\write4
\openout4 = `praca.toc'.

 [6]
\openout2 = `chapters/chapter001.aux'.

 (chapters/chapter001.tex
Rozdzia\l  1.
) [7



]
\openout2 = `chapters/chapter002.aux'.

 (chapters/chapter002.tex
Rozdzia\l  2.
[8




] [9]
LaTeX Font Info:    Trying to load font information for TS1+ptm on input line 41.
 (C:\Users\oleiy\AppData\Local\Programs\MiKTeX\tex/latex/psnfss\ts1ptm.fd
File: ts1ptm.fd 2001/06/04 font definitions for TS1/ptm.
)) [10]
\openout2 = `chapters/chapter003.aux'.

 (chapters/chapter003.tex
Rozdzia\l  3.
[11




] [12] [13] [14]
<figures/diagramERD.jpg, id=346, 729.32475pt x 386.6445pt>
File: figures/diagramERD.jpg Graphic file (type jpg)
<use figures/diagramERD.jpg>
Package pdftex.def Info: figures/diagramERD.jpg  used on input line 172.
(pdftex.def)             Requested size: 426.79135pt x 226.25986pt.
 [15 <./figures/diagramERD.jpg>] (C:\Users\oleiy\AppData\Local\Programs\MiKTeX\tex/latex/listings\lstlang1.sty
File: lstlang1.sty 2023/02/27 1.9 listings language file
)
Package hyperref Info: bookmark level for unknown lstlisting defaults to 0 on input line 180.
LaTeX Font Info:    Trying to load font information for T1+pcr on input line 180.
 (C:\Users\oleiy\AppData\Local\Programs\MiKTeX\tex/latex/psnfss\t1pcr.fd
File: t1pcr.fd 2001/06/04 font definitions for T1/pcr.
)
LaTeX Font Info:    Font shape `T1/pcr/m/it' in size <9> not available
(Font)              Font shape `T1/pcr/m/sl' tried instead on input line 181.
 [16]) [17]
\openout2 = `chapters/chapter004.aux'.

 (chapters/chapter004.tex
Rozdzia\l  4.
[18




]
Underfull \hbox (badness 1728) in paragraph at lines 24--25
[]\T1/ptm/b/n/10 Zarz¡dzanie zmia-nami i per-spek-tywy roz-woju: \T1/ptm/m/n/10 Pro-ce-dury \T1/pcr/m/n/10 update_workout_set \T1/ptm/m/n/10 oraz
 []


Underfull \hbox (badness 10000) in paragraph at lines 42--44
[]\T1/ptm/b/n/10 Wy±wietlanie i pre-zen-ta-cja da-nych: \T1/ptm/m/n/10 Za war-stw¦ \T1/ptm/m/it/10 Read \T1/ptm/m/n/10 od-po-wiada funk-cja
 []


Underfull \hbox (badness 2119) in paragraph at lines 42--44
\T1/pcr/m/n/10 get_all_body_measurements \T1/ptm/m/n/10 oraz de-dy-ko-wane za-py-ta-nia fil-tru-j¡ce, które za-si-laj¡ in-
 []

[19]
Underfull \hbox (badness 2035) in paragraph at lines 55--57
[]\T1/ptm/b/n/10 Perspektywa ad-mi-ni-stra-cyjna: \T1/ptm/m/n/10 Mimo braku od-po-wied-nich mo-du-ªów w bie-»¡-cym GUI, w
 []

[20] [21] [22] [23] [24]
LaTeX Font Info:    Font shape `T1/pcr/m/it' in size <8> not available
(Font)              Font shape `T1/pcr/m/sl' tried instead on input line 250.
 [25]
Overfull \hbox (14.81314pt too wide) in paragraph at lines 303--304
[][][][][][][][][][][][][][][][][][][][][][][][][][][][][][][][][][][][][][][][][][][] 
 []

[26]
Overfull \hbox (38.81339pt too wide) in paragraph at lines 309--310
[][][][][][][][][][][][][][][][][][][][][][][][][][][][][][][][][][][][][][][][][][][] 
 []


Overfull \hbox (86.81387pt too wide) in paragraph at lines 313--314
[][][][][][][][][][][][][][][][][][][][][][][][][][][][][][][][][][][][][][][][][][][][][][][] 
 []

[27]
Overfull \hbox (86.81387pt too wide) in paragraph at lines 353--354
[][][][][][][][][][][][][][][][][][][][][][][][] 
 []

[28] [29]
Overfull \hbox (14.81314pt too wide) in paragraph at lines 432--433
[][][][][][][][][][][][][][][][][][][][][][][][][][][] 
 []

[30] [31]
Underfull \hbox (badness 1527) in paragraph at lines 514--515
[]\T1/ptm/b/n/10 Agregacja da-nych se-rii: \T1/ptm/m/n/10 Funk-cja ª¡-czy ta-bel¦ se-rii (\T1/ptm/m/it/10 wor-kout_sets\T1/ptm/m/n/10 ) z ta-bel¡ ¢wi-cze« (\T1/ptm/m/it/10 wor-
 []


Overfull \hbox (77.21378pt too wide) in paragraph at lines 553--554
[][][][][][][][][][][][][][][][][][][][][][][][][][][][][][][][][][][][][][][][][][][][] 
 []

[32]
Underfull \hbox (badness 10000) in paragraph at lines 594--595
[]\T1/ptm/b/n/10 Ekstrakcja sta-ty-styk mi¦-±nio-wych: \T1/ptm/m/n/10 Funk-cja ana-li-zuje dane z po-moc-ni-czej pro-ce-dury
 []


Underfull \hbox (badness 1755) in paragraph at lines 594--595
\T1/pcr/m/n/10 get_user_training_stats\T1/ptm/m/n/10 , spraw-dza-j¡c obec-no±¢ klu-czo-wych ru-chów: wy-py-cha-j¡-cych
 []

[33] [34] [35] [36]
Overfull \hbox (14.81314pt too wide) in paragraph at lines 768--769
[][][][][][][][][][][][][][][][][][][][][][][][][][][][][][][][][][][] 
 []

[37] [38] [39] [40]) [41]
\openout2 = `chapters/chapter005.aux'.

 (chapters/chapter005.tex
Rozdzia\l  5.
<figures/GUI/register.jpg, id=944, 225.84375pt x 595.62524pt>
File: figures/GUI/register.jpg Graphic file (type jpg)
<use figures/GUI/register.jpg>
Package pdftex.def Info: figures/GUI/register.jpg  used on input line 11.
(pdftex.def)             Requested size: 170.71393pt x 450.25325pt.
[42




 <./figures/GUI/register.jpg>]
<figures/GUI/login.jpg, id=950, 284.56313pt x 617.30624pt>
File: figures/GUI/login.jpg Graphic file (type jpg)
<use figures/GUI/login.jpg>
Package pdftex.def Info: figures/GUI/login.jpg  used on input line 34.
(pdftex.def)             Requested size: 170.71393pt x 370.34892pt.

Underfull \hbox (badness 10000) in paragraph at lines 39--42
\T1/ptm/m/n/10 Logika au-to-ry-za-cji re-ali-zo-wana jest w pliku \T1/pcr/m/n/10 index.php\T1/ptm/m/n/10 . Po prze-sªa-niu for-mu-la-rza me-
 []


Underfull \hbox (badness 4739) in paragraph at lines 39--42
\T1/ptm/m/n/10 tod¡ \T1/pcr/m/n/10 POST\T1/ptm/m/n/10 , skrypt na-wi¡-zuje po-ª¡-cze-nie z baz¡ da-nych i wy-ko-rzy-stuje funk-cj¦ ba-zo-da-now¡
 []

[43 <./figures/GUI/login.jpg>] [44]
<figures/GUI/dashboard.jpg, id=960, 242.1045pt x 524.55975pt>
File: figures/GUI/dashboard.jpg Graphic file (type jpg)
<use figures/GUI/dashboard.jpg>
Package pdftex.def Info: figures/GUI/dashboard.jpg  used on input line 62.
(pdftex.def)             Requested size: 170.71393pt x 369.8947pt.

Underfull \hbox (badness 10000) in paragraph at lines 70--71
[]\T1/ptm/b/n/10 System tre-nin-gowy i ak-tyw-no±¢: \T1/ptm/m/n/10 Skrypt wy-wo-ªuje funk-cj¦
 []


Underfull \hbox (badness 3942) in paragraph at lines 70--71
\T1/pcr/m/n/10 public.detect_training_split \T1/ptm/m/n/10 w celu iden-ty-fi-ka-cji ak-tu-al-nego sche-matu ¢wi-cze«
 []


Underfull \hbox (badness 10000) in paragraph at lines 73--74
[]\T1/ptm/b/n/10 Progresja ¢wi-cze« (Wy-kres): \T1/ptm/m/n/10 Dy-na-miczny wy-kres ge-ne-ro-wany jest dzi¦ki funk-cji
 []


Underfull \hbox (badness 5331) in paragraph at lines 73--74
\T1/pcr/m/n/10 get_exercise_volume_progression\T1/ptm/m/n/10 , która do-star-cza hi-sto-ryczne dane o ob-j¦-to-±ci
 []

[45 <./figures/GUI/dashboard.jpg>] [46]
<figures/GUI/sesja-aktywna.jpg, id=971, 283.0575pt x 617.30624pt>
File: figures/GUI/sesja-aktywna.jpg Graphic file (type jpg)
<use figures/GUI/sesja-aktywna.jpg>
Package pdftex.def Info: figures/GUI/sesja-aktywna.jpg  used on input line 91.
(pdftex.def)             Requested size: 170.71393pt x 372.30814pt.
 [47 <./figures/GUI/sesja-aktywna.jpg>]
<figures/GUI/wybor-partii.jpg, id=981, 283.81032pt x 616.55344pt>
File: figures/GUI/wybor-partii.jpg Graphic file (type jpg)
<use figures/GUI/wybor-partii.jpg>
Package pdftex.def Info: figures/GUI/wybor-partii.jpg  used on input line 119.
(pdftex.def)             Requested size: 172.84813pt x 375.51376pt.

Underfull \hbox (badness 1558) in paragraph at lines 120--120
\T1/ptm/m/n/9 boru par-tii mi¦-±nio-
 []

<figures/GUI/wybor-cwiczenia.jpg, id=982, 283.81032pt x 616.55344pt>
File: figures/GUI/wybor-cwiczenia.jpg Graphic file (type jpg)
<use figures/GUI/wybor-cwiczenia.jpg>
Package pdftex.def Info: figures/GUI/wybor-cwiczenia.jpg  used on input line 126.
(pdftex.def)             Requested size: 172.84813pt x 375.51376pt.

Underfull \hbox (badness 10000) in paragraph at lines 127--127
[]\T1/ptm/b/n/9 Rys. 5.6. |\T1/ptm/m/n/9 Dy-na-
 []

<figures/GUI/dodane-serie.jpg, id=983, 283.81032pt x 617.30624pt>
File: figures/GUI/dodane-serie.jpg Graphic file (type jpg)
<use figures/GUI/dodane-serie.jpg>
Package pdftex.def Info: figures/GUI/dodane-serie.jpg  used on input line 136.
(pdftex.def)             Requested size: 172.84813pt x 375.97226pt.

Underfull \hbox (badness 10000) in paragraph at lines 137--137
[]\T1/ptm/b/n/9 Rys. 5.7. |\T1/ptm/m/n/9 Ekran
 []


Underfull \hbox (badness 10000) in paragraph at lines 137--137
\T1/ptm/m/n/9 wpro-wa-dza-nia da-
 []

<figures/GUI/dodano-cwiczenie.jpg, id=984, 283.81032pt x 616.55344pt>
File: figures/GUI/dodano-cwiczenie.jpg Graphic file (type jpg)
<use figures/GUI/dodano-cwiczenie.jpg>
Package pdftex.def Info: figures/GUI/dodano-cwiczenie.jpg  used on input line 143.
(pdftex.def)             Requested size: 172.84813pt x 375.51376pt.

Underfull \hbox (badness 1715) in paragraph at lines 144--144
[]\T1/ptm/b/n/9 Rys. 5.8. |\T1/ptm/m/n/9 Pod-su-mo-
 []

[48 <./figures/GUI/wybor-partii.jpg> <./figures/GUI/wybor-cwiczenia.jpg>]
Underfull \hbox (badness 10000) in paragraph at lines 149--151
\T1/ptm/m/n/10 Kluczowym roz-wi¡-za-niem jest u»y-cie \T1/pcr/m/n/10 localStorage \T1/ptm/m/n/10 z uni-kal-nym klu-czem
 []


Underfull \hbox (badness 2884) in paragraph at lines 149--151
\T1/pcr/m/n/10 activeWorkout_${currentUserId}\T1/ptm/m/n/10 . Dzi¦ki temu, w przy-padku awa-rii prze-gl¡-darki, dane
 []

[49 <./figures/GUI/dodane-serie.jpg> <./figures/GUI/dodano-cwiczenie.jpg>]
<figures/GUI/history.jpg, id=1000, 241.50224pt x 525.162pt>
File: figures/GUI/history.jpg Graphic file (type jpg)
<use figures/GUI/history.jpg>
Package pdftex.def Info: figures/GUI/history.jpg  used on input line 160.
(pdftex.def)             Requested size: 170.71393pt x 371.2249pt.

Underfull \hbox (badness 7649) in paragraph at lines 169--170
[]\T1/ptm/b/n/10 Dynamiczne ob-li-cza-nie ob-j¦-to-±ci: \T1/ptm/m/n/10 We-wn¡trz za-py-ta-nia SQL wy-wo-ªy-wana jest funk-cja
 []


Underfull \hbox (badness 3281) in paragraph at lines 173--176
\T1/ptm/m/n/10 Za war-stw¦ pre-zen-ta-cji od-po-wia-daj¡ de-dy-ko-wane style \T1/pcr/m/n/10 history.css \T1/ptm/m/n/10 oraz lo-gika za-warta w
 []

[50 <./figures/GUI/history.jpg>]
Underfull \hbox (badness 3746) in paragraph at lines 176--177
[]\T1/ptm/b/n/10 System Akor-de-onów: \T1/ptm/m/n/10 Na-gªó-wek ka»-dego tre-ningu wy-±wie-tla klu-czowe me-ta-dane: nu-mer
 []


Underfull \hbox (badness 4193) in paragraph at lines 176--177
\T1/ptm/m/n/10 tre-ningu (\T1/pcr/m/n/10 user_workout_no\T1/ptm/m/n/10 ), dat¦, czas trwa-nia oraz ª¡czn¡ ob-j¦-to±¢. Dzi¦ki funk-cji
 []

[51]
<figures/GUI/progress.jpg, id=1011, 191.5155pt x 627.5445pt>
File: figures/GUI/progress.jpg Graphic file (type jpg)
<use figures/GUI/progress.jpg>
Package pdftex.def Info: figures/GUI/progress.jpg  used on input line 191.
(pdftex.def)             Requested size: 170.71393pt x 559.42252pt.

Underfull \vbox (badness 10000) has occurred while \output is active []

 [52 <./figures/GUI/progress.jpg>]
Underfull \hbox (badness 10000) in paragraph at lines 199--200
[]\T1/ptm/b/n/10 Detekcja sys-temu tre-nin-go-wego: \T1/ptm/m/n/10 Wy-ko-rzy-sta-nie au-tor-skiej funk-cji
 []


Underfull \hbox (badness 10000) in paragraph at lines 199--200
\T1/pcr/m/n/10 public.detect_training_split \T1/ptm/m/n/10 po-zwala sys-te-mowi au-to-ma-tycz-nie zdia-gno-zo-wa¢,
 []

[53]
<figures/GUI/diet.jpg, id=1025, 242.1045pt x 525.76425pt>
File: figures/GUI/diet.jpg Graphic file (type jpg)
<use figures/GUI/diet.jpg>
Package pdftex.def Info: figures/GUI/diet.jpg  used on input line 224.
(pdftex.def)             Requested size: 170.71393pt x 370.74406pt.

Underfull \hbox (badness 10000) in paragraph at lines 233--234
[]\T1/ptm/b/n/10 Obliczanie za-po-trze-bo-wa-nia (TDEE): \T1/ptm/m/n/10 Skrypt wy-wo-ªuje funk-cj¦
 []


Underfull \hbox (badness 10000) in paragraph at lines 233--234
\T1/pcr/m/n/10 public.calculate_user_diet_calories\T1/ptm/m/n/10 , która na pod-sta-wie wzoru Mifflina-St
 []


Underfull \hbox (badness 3148) in paragraph at lines 233--234
\T1/ptm/m/n/10 Je-ora oraz za-de-kla-ro-wa-nego po-ziomu ak-tyw-no-±ci (\T1/pcr/m/n/10 activity_level\T1/ptm/m/n/10 ), wy-li-cza caª-ko-wite
 []

[54 <./figures/GUI/diet.jpg>]
Underfull \hbox (badness 6510) in paragraph at lines 240--241
[]\T1/ptm/b/n/10 Zapisywanie da-nych: \T1/ptm/m/n/10 For-mu-larz prze-syªa dane do \T1/pcr/m/n/10 add_measurement_action.php\T1/ptm/m/n/10 ,
 []


Underfull \hbox (badness 10000) in paragraph at lines 240--241
\T1/ptm/m/n/10 który za-miast pro-stego za-py-ta-nia \T1/pcr/m/n/10 INSERT\T1/ptm/m/n/10 , wy-wo-ªuje pro-ce-dur¦ skªa-do-wan¡
 []

<figures/GUI/dodaj_pomiar.jpg, id=1031, 284.56313pt x 617.30624pt>
File: figures/GUI/dodaj_pomiar.jpg Graphic file (type jpg)
<use figures/GUI/dodaj_pomiar.jpg>
Package pdftex.def Info: figures/GUI/dodaj_pomiar.jpg  used on input line 246.
(pdftex.def)             Requested size: 192.0548pt x 416.6449pt.
[55 <./figures/GUI/dodaj_pomiar.jpg>] [56]
<figures/GUI/acc.jpg, id=1044, 241.50224pt x 525.162pt>
File: figures/GUI/acc.jpg Graphic file (type jpg)
<use figures/GUI/acc.jpg>
Package pdftex.def Info: figures/GUI/acc.jpg  used on input line 268.
(pdftex.def)             Requested size: 170.71393pt x 371.2249pt.

Underfull \hbox (badness 2846) in paragraph at lines 277--278
[]\T1/ptm/b/n/10 Bezpiecze«stwo se-sji: \T1/ptm/m/n/10 Ka»de »¡-da-nie do pliku \T1/pcr/m/n/10 account.php \T1/ptm/m/n/10 jest po-prze-dzone in-klu-zj¡
 []

[57 <./figures/GUI/acc.jpg>]) [58]
\openout2 = `chapters/chapter006.aux'.

 (chapters/chapter006.tex
Rozdzia\l  6.
[59




]
<figures/GUI/pgAdmin4.jpg, id=1064, 950.80219pt x 715.92468pt>
File: figures/GUI/pgAdmin4.jpg Graphic file (type jpg)
<use figures/GUI/pgAdmin4.jpg>
Package pdftex.def Info: figures/GUI/pgAdmin4.jpg  used on input line 68.
(pdftex.def)             Requested size: 341.43437pt x 257.08817pt.

Underfull \vbox (badness 5231) has occurred while \output is active []

 [60]) [61 <./figures/GUI/pgAdmin4.jpg>]
\openout2 = `chapters/chapter009.aux'.

 (chapters/chapter009.tex
Rozdzia\l  7.
[62




]) [63]
\openout2 = `chapters/chapter008.aux'.

 (chapters/chapter008.tex
Rozdzia\l  8.
[64




] (C:\Users\oleiy\AppData\Local\Programs\MiKTeX\tex/latex/listings\lstlang1.sty
File: lstlang1.sty 2023/02/27 1.9 listings language file
) (C:\Users\oleiy\AppData\Local\Programs\MiKTeX\tex/latex/listings\lstlang2.sty
File: lstlang2.sty 2023/02/27 1.9 listings language file
) [65] [66]
Overfull \hbox (59.80894pt too wide) in paragraph at lines 105--106
[][][]\T1/pcr/m/n/8 mongodb+srv://pgrochowalski:AwareFit2026@cluster0.ecve17l.mongodb.net/?appName=Cluster0 
 []

) [67]
\openout2 = `chapters/chapter007.aux'.

 (chapters/chapter007.tex
Rozdzia\l  9.
[68




]) [69] (praca.bbl) [70



] (praca.lof)
\tf@lof=\write5
\openout5 = `praca.lof'.

 [71

]
\openout2 = `appendix/statement-A.aux'.

 (appendix/statement-A.tex
Underfull \hbox (badness 10000) in paragraph at lines 19--22

 []


Underfull \hbox (badness 10000) in paragraph at lines 23--24

 []


Underfull \hbox (badness 10000) in paragraph at lines 25--27

 []

) [72



]

Package caption Warning: Unused \captionsetup[sub] on input line 23.
See the caption package documentation for explanation.

(praca.aux (chapters/chapter001.aux) (chapters/chapter002.aux) (chapters/chapter003.aux) (chapters/chapter004.aux) (chapters/chapter005.aux) (chapters/chapter006.aux) (chapters/chapter009.aux) (chapters/chapter008.aux) (chapters/chapter007.aux) (appendix/statement-A.aux))
 ***********
LaTeX2e <2023-11-01> patch level 1
L3 programming layer <2024-01-04>
 ***********
Package rerunfilecheck Info: File `praca.out' has not changed.
(rerunfilecheck)             Checksum: 003C6603DE5B3CD48A352A9BFD2F89BF;12665.
 ) 
Here is how much of TeX's memory you used:
 26373 strings out of 474486
 499658 string characters out of 5743755
 2086542 words of memory out of 5000000
 47536 multiletter control sequences out of 15000+600000
 626665 words of font info for 103 fonts, out of 8000000 for 9000
 1141 hyphenation exceptions out of 8191
 88i,13n,94p,849b,3012s stack positions out of 10000i,1000n,20000p,200000b,200000s
<C:/Users/oleiy/AppData/Local/Programs/MiKTeX/fonts/type1/public/amsfonts/cm/cmmi10.pfb><C:/Users/oleiy/AppData/Local/Programs/MiKTeX/fonts/type1/public/amsfonts/cm/cmr10.pfb><C:/Users/oleiy/AppData/Local/Programs/MiKTeX/fonts/type1/public/amsfonts/cm/cmsy10.pfb><C:/Users/oleiy/AppData/Local/Programs/MiKTeX/fonts/type1/urw/courier/ucrb8a.pfb><C:/Users/oleiy/AppData/Local/Programs/MiKTeX/fonts/type1/urw/courier/ucrr8a.pfb><C:/Users/oleiy/AppData/Local/Programs/MiKTeX/fonts/type1/urw/courier/ucrro8a.pfb><C:/Users/oleiy/AppData/Local/Programs/MiKTeX/fonts/type1/urw/helvetic/uhvb8a.pfb><C:/Users/oleiy/AppData/Local/Programs/MiKTeX/fonts/type1/urw/helvetic/uhvr8a.pfb><C:/Users/oleiy/AppData/Local/Programs/MiKTeX/fonts/type1/urw/helvetic/uhvro8a.pfb><C:/Users/oleiy/AppData/Local/Programs/MiKTeX/fonts/type1/urw/times/utmb8a.pfb><C:/Users/oleiy/AppData/Local/Programs/MiKTeX/fonts/type1/urw/times/utmbi8a.pfb><C:/Users/oleiy/AppData/Local/Programs/MiKTeX/fonts/type1/urw/times/utmr8a.pfb><C:/Users/oleiy/AppData/Local/Programs/MiKTeX/fonts/type1/urw/times/utmr8a.pfb><C:/Users/oleiy/AppData/Local/Programs/MiKTeX/fonts/type1/urw/times/utmri8a.pfb>
Output written on praca.pdf (70 pages, 1217781 bytes).
PDF statistics:
 1388 PDF objects out of 1440 (max. 8388607)
 689 named destinations out of 1000 (max. 500000)
 521 words of extra memory for PDF output out of 10000 (max. 10000000)

